0 info it worked if it ends with ok
1 verbose cli [ '/usr/local/heroku/bin/node', '/usr/local/bin/npm', 'start' ]
2 info using npm@3.8.6
3 info using node@v8.7.0
4 verbose run-script [ 'prestart', 'start', 'poststart' ]
5 info lifecycle voting@1.0.0~prestart: voting@1.0.0
6 silly lifecycle voting@1.0.0~prestart: no script for prestart, continuing
7 info lifecycle voting@1.0.0~start: voting@1.0.0
8 verbose lifecycle voting@1.0.0~start: unsafe-perm in lifecycle true
9 verbose lifecycle voting@1.0.0~start: PATH: /usr/local/lib/node_modules/npm/bin/node-gyp-bin:/home/ijunaidfarooq/voting/node_modules/.bin:/usr/local/heroku/bin:/home/ijunaidfarooq/google-cloud-sdk/bin:/home/ijunaidfarooq/.asdf/bin:/home/ijunaidfarooq/.asdf/shims:/usr/local/heroku/bin:/home/ijunaidfarooq/.rvm/gems/ruby-2.4.2/bin:/home/ijunaidfarooq/.rvm/gems/ruby-2.4.2@global/bin:/home/ijunaidfarooq/.rvm/rubies/ruby-2.4.2/bin:/usr/local/sbin:/usr/local/bin:/usr/sbin:/usr/bin:/sbin:/bin:/usr/games:/usr/local/games:/usr/lib/jvm/java-8-oracle/bin:/usr/lib/jvm/java-8-oracle/db/bin:/usr/lib/jvm/java-8-oracle/jre/bin:/home/ijunaidfarooq/.rvm/bin:/usr/lib/jvm/java-8-oracle/bin:/usr/lib/jvm/java-8-oracle/db/bin:/usr/lib/jvm/java-8-oracle/jre/bin:/home/ijunaidfarooq/.rvm/bin:/home/ijunaidfarooq/.rvm/bin
10 verbose lifecycle voting@1.0.0~start: CWD: /home/ijunaidfarooq/voting
11 silly lifecycle voting@1.0.0~start: Args: [ '-c', 'gulp serve' ]
12 silly lifecycle voting@1.0.0~start: Returned: code: 1  signal: null
13 info lifecycle voting@1.0.0~start: Failed to exec start script
14 verbose stack Error: voting@1.0.0 start: `gulp serve`
14 verbose stack Exit status 1
14 verbose stack     at EventEmitter.<anonymous> (/usr/local/lib/node_modules/npm/lib/utils/lifecycle.js:239:16)
14 verbose stack     at emitTwo (events.js:125:13)
14 verbose stack     at EventEmitter.emit (events.js:213:7)
14 verbose stack     at ChildProcess.<anonymous> (/usr/local/lib/node_modules/npm/lib/utils/spawn.js:24:14)
14 verbose stack     at emitTwo (events.js:125:13)
14 verbose stack     at ChildProcess.emit (events.js:213:7)
14 verbose stack     at maybeClose (internal/child_process.js:927:16)
14 verbose stack     at Process.ChildProcess._handle.onexit (internal/child_process.js:211:5)
15 verbose pkgid voting@1.0.0
16 verbose cwd /home/ijunaidfarooq/voting
17 error Linux 4.2.0-42-generic
18 error argv "/usr/local/heroku/bin/node" "/usr/local/bin/npm" "start"
19 error node v8.7.0
20 error npm  v3.8.6
21 error code ELIFECYCLE
22 error voting@1.0.0 start: `gulp serve`
22 error Exit status 1
23 error Failed at the voting@1.0.0 start script 'gulp serve'.
23 error Make sure you have the latest version of node.js and npm installed.
23 error If you do, this is most likely a problem with the voting package,
23 error not with npm itself.
23 error Tell the author that this fails on your system:
23 error     gulp serve
23 error You can get information on how to open an issue for this project with:
23 error     npm bugs voting
23 error Or if that isn't available, you can get their info via:
23 error     npm owner ls voting
23 error There is likely additional logging output above.
24 verbose exit [ 1, true ]
